<?xml version="1.0" encoding="UTF-8"?>
<!-- Generated by org.testng.reporters.JUnitReportReporter -->
<testsuite hostname="5CG83640X9" failures="0" tests="2" name="payroll.testclasess.AddBankAccountTest" time="188.614" errors="0" timestamp="2020-11-22T21:28:29 NZDT" skipped="0">
  <testcase classname="payroll.testclasess.AddBankAccountTest" name="logTotheSystem" time="100.157"/>
  <system-out/>
  <testcase classname="payroll.testclasess.AddBankAccountTest" name="logTotheSystem" time="88.457"/>
  <system-out/>
</testsuite> <!-- payroll.testclasess.AddBankAccountTest -->
