<?xml version="1.0" encoding="UTF-8"?>
<!-- Generated by org.testng.reporters.JUnitReportReporter -->
<testsuite hostname="5CG83640X9" failures="0" tests="2" name="payroll.testclasess.AddBankAccountTest" time="181.181" errors="0" timestamp="2020-11-22T19:44:43 NZDT" skipped="0">
  <testcase classname="payroll.testclasess.AddBankAccountTest" name="logTotheSystem" time="95.766"/>
  <system-out/>
  <testcase classname="payroll.testclasess.AddBankAccountTest" name="logTotheSystem" time="85.415"/>
  <system-out/>
</testsuite> <!-- payroll.testclasess.AddBankAccountTest -->
