<?xml version="1.0" encoding="UTF-8"?>
<!-- Generated by org.testng.reporters.JUnitReportReporter -->
<testsuite hostname="5CG83640X9" failures="0" tests="1" name="payroll.testclasess.LoginTest" time="12.968" errors="0" timestamp="2020-11-22T10:39:28 NZDT" skipped="0">
  <testcase classname="payroll.testclasess.LoginTest" name="logTotheSystem" time="12.968"/>
  <system-out/>
</testsuite> <!-- payroll.testclasess.LoginTest -->
